0.003 500499
0.572 60505499
1.117 220510499
1.691 480515499
3.417 840520499
6.243 1300525499
6.59 1860530499
11.592 2520535499
14.312 3280540499
14.97 4140545499
18.77 5100550499
23.092 6160555499
24.515 7320560499
28.446 8580565499
33.053 9940570499
37.704 11400575499
43.022 12960580499
48.081 14620585499
53.921 16380590499
61.216 18240595499
67.029 20200600499
73.495 22260605499
80.251 24420610499
88.416 26680615499
96.021 29040620499
104.539 31500625499
112.47 34060630499
121.329 36720635499
130.515 39480640499
143.72 42340645499
149.533 45300650499
158.511 48360655499
170.458 51520660499
184.052 54780665499
195.251 58140670499
207.316 61600675499
214.019 65160680499
230.685 68820685499
247.06 72580690499
256.075 76440695499
263.936 80400700499
276.384 84460705499
289.978 88620710499
314.305 92880715499
324.607 97240720499
339.621 101700725499
355.08 106260730499
371.63 110920735499
389.855 115680740499
405.491 120540745499
421.329 125500750499
438.361 130560755499
455.315 135720760499
469.386 140980765499
491.905 146340770499
502.936 151800775499
529.357 157360780499
546.533 163020785499
553.01 168780790499
583.486 174640795499
608.316 180600800499
620.29 186660805499
634.622 192820810499
666.752 199080815499
689.254 205440820499
707.838 211900825499
722.212 218460830499
751.011 225120835499
775.689 231880840499
794.638 238740845499
822.89 245700850499
841.135 252760855499
869.116 259920860499
900.748 267180865499
920.958 274540870499
948.619 282000875499
973.63 289560880499
993.926 297220885499
1025.78 304980890499
1050.91 312840895499
1077.15 320800900499
1096.85 328860905499
1128.2 337020910499
1155.62 345280915499
1185.16 353640920499
1215.36 362100925499
1245.04 370660930499
1287.59 379320935499
1317.33 388080940499
1333.53 396940945499
1369.79 405900950499
1388.12 414960955499
1423.78 424120960499
1468.67 433380965499
1501.67 442740970499
1518.94 452200975499
1553.06 461760980499
1587.44 471420985499
1618.92 481180990499
1642.16 491040995499