0 999
0 10999
0.001 20999
0 30999
0 40999
0.001 50999
0 60999
0.001 70999
0 80999
0 90999
0.001 100999
0.001 110999
0.001 120999
0 130999
0.001 140999
0 150999
0.001 160999
0 170999
0.001 180999
0.001 190999
0.001 200999
0.001 210999
0.001 220999
0.001 230999
0.001 240999
0.002 250999
0.001 260999
0.001 270999
0.002 280999
0.002 290999
0.002 300999
0.002 310999
0.002 320999
0.002 330999
0.001 340999
0.002 350999
0.001 360999
0.002 370999
0.002 380999
0.002 390999
0.002 400999
0.002 410999
0.002 420999
0.002 430999
0.002 440999
0.002 450999
0.002 460999
0.003 470999
0.003 480999
0.003 490999
0.002 500999
0.002 510999
0.003 520999
0.003 530999
0.002 540999
0.003 550999
0.004 560999
0.003 570999
0.003 580999
0.003 590999
0.003 600999
0.003 610999
0.003 620999
0.003 630999
0.003 640999
0.003 650999
0.002 660999
0.003 670999
0.003 680999
0.003 690999
0.003 700999
0.003 710999
0.003 720999
0.003 730999
0.004 740999
0.003 750999
0.004 760999
0.003 770999
0.003 780999
0.006 790999
0.004 800999
0.004 810999
0.004 820999
0.004 830999
0.003 840999
0.003 850999
0.004 860999
0.004 870999
0.005 880999
0.004 890999
0.004 900999
0.004 910999
0.005 920999
0.004 930999
0.004 940999
0.004 950999
0.005 960999
0.004 970999
0.004 980999
0.005 990999
