0.001 9976
0.002 148616
0.003 303232
0.004 463232
0.006 631464
0.007 801464
0.009 971464
0.01 1146928
0.007 1326928
0.007 1506928
0.008 1686928
0.011 1866928
0.011 2046928
0.017 2226928
0.012 2416856
0.026 2606856
0.013 2796856
0.014 2986856
0.023 3176856
0.016 3366856
0.018 3556856
0.018 3746856
0.019 3936856
0.024 4126856
0.021 4316856
0.022 4506856
0.022 4696856
0.023 4895712
0.025 5095712
0.026 5295712
0.027 5495712
0.028 5695712
0.028 5895712
0.033 6095712
0.031 6295712
0.032 6495712
0.033 6695712
0.033 6895712
0.033 7095712
0.035 7295712
0.037 7495712
0.039 7695712
0.038 7895712
0.04 8095712
0.04 8295712
0.04 8495712
0.04 8695712
0.043 8895712
0.044 9095712
0.045 9295712
0.046 9495712
0.047 9695712
0.048 9895712
0.048 10102424
0.049 10312424
0.051 10522424
0.055 10732424
0.054 10942424
0.054 11152424
0.054 11362424
0.055 11572424
0.06 11782424
0.058 11992424
0.059 12202424
0.06 12412424
0.061 12622424
0.06 12832424
0.063 13042424
0.062 13252424
0.065 13462424
0.115 13672424
0.066 13882424
0.069 14092424
0.067 14302424
0.07 14512424
0.069 14722424
0.07 14932424
0.072 15142424
0.073 15352424
0.076 15562424
0.075 15772424
0.077 15982424
0.08 16192424
0.08 16402424
0.078 16612424
0.082 16822424
0.083 17032424
0.084 17242424
0.086 17452424
0.084 17662424
0.088 17872424
0.091 18082424
0.088 18292424
0.089 18502424
0.089 18712424
0.091 18922424
0.093 19132424
0.094 19342424
0.095 19552424
0.097 19762424
