0 9976
0.002 148616
0.002 303232
0.005 463232
0.006 631464
0.007 801464
0.009 971464
0.01 1146928
0.011 1326928
0.013 1506928
0.009 1686928
0.017 1866928
0.017 2046928
0.012 2226928
0.013 2416856
0.013 2606856
0.014 2796856
0.016 2986856
0.022 3176856
0.018 3366856
0.018 3556856
0.019 3746856
0.021 3936856
0.021 4126856
0.022 4316856
0.023 4506856
0.024 4696856
0.025 4895712
0.026 5095712
0.026 5295712
0.027 5495712
0.03 5695712
0.029 5895712
0.031 6095712
0.031 6295712
0.033 6495712
0.037 6695712
0.035 6895712
0.053 7095712
0.065 7295712
0.039 7495712
0.069 7695712
0.152 7895712
0.062 8095712
0.05 8295712
0.047 8495712
0.045 8695712
0.044 8895712
0.045 9095712
0.048 9295712
0.067 9495712
0.047 9695712
0.052 9895712
0.054 10102424
0.056 10312424
0.054 10522424
0.056 10732424
0.064 10942424
0.056 11152424
0.062 11362424
0.06 11572424
0.059 11782424
0.061 11992424
0.062 12202424
0.064 12412424
0.074 12622424
0.066 12832424
0.069 13042424
0.068 13252424
0.07 13462424
0.072 13672424
0.074 13882424
0.074 14092424
0.075 14302424
0.097 14512424
0.074 14722424
0.078 14932424
0.079 15142424
0.079 15352424
0.079 15562424
0.078 15772424
0.084 15982424
0.084 16192424
0.089 16402424
0.091 16612424
0.088 16822424
0.087 17032424
0.09 17242424
0.09 17452424
0.088 17662424
0.136 17872424
0.097 18082424
0.095 18292424
0.093 18502424
0.233 18712424
0.112 18922424
0.103 19132424
0.111 19342424
0.123 19552424
0.105 19762424
