0 9976
0.003 148616
0.004 303232
0.007 463232
0.007 631464
0.01 801464
0.012 971464
0.012 1146928
0.014 1326928
0.017 1506928
0.02 1686928
0.022 1866928
0.023 2046928
0.031 2226928
0.029 2416856
0.032 2606856
0.036 2796856
0.033 2986856
0.034 3176856
0.038 3366856
0.04 3556856
0.043 3746856
0.045 3936856
0.05 4126856
0.056 4316856
0.051 4506856
0.053 4696856
0.055 4895712
0.057 5095712
0.058 5295712
0.06 5495712
0.063 5695712
0.074 5895712
0.066 6095712
0.07 6295712
0.071 6495712
0.073 6695712
0.076 6895712
0.08 7095712
0.08 7295712
0.106 7495712
0.29 7695712
0.105 7895712
0.088 8095712
0.091 8295712
0.093 8495712
0.096 8695712
0.097 8895712
0.101 9095712
0.098 9295712
0.107 9495712
0.109 9695712
0.11 9895712
0.113 10102424
0.114 10312424
0.145 10522424
0.118 10732424
0.123 10942424
0.122 11152424
0.126 11362424
0.133 11572424
0.128 11782424
0.139 11992424
0.133 12202424
0.135 12412424
0.137 12622424
0.141 12832424
0.145 13042424
0.148 13252424
0.146 13462424
0.172 13672424
0.152 13882424
0.161 14092424
0.162 14302424
0.161 14512424
0.199 14722424
0.164 14932424
0.164 15142424
0.163 15352424
0.169 15562424
0.171 15772424
0.172 15982424
0.177 16192424
0.175 16402424
0.179 16612424
0.184 16822424
0.184 17032424
0.272 17242424
0.221 17452424
0.19 17662424
0.199 17872424
0.214 18082424
0.257 18292424
0.206 18502424
0.203 18712424
0.213 18922424
0.226 19132424
0.216 19342424
0.264 19552424
0.245 19762424