0.002 249757
0.201 30413613
1.019 110679078
1.484 240598688
2.73 420552308
3.699 650024398
3.564 932297774
5.239 1261963128
5.768 1639348344
7.269 2066649856
8.89 2547355274
10.353 3089794214
12.273 3669299958
14.338 4300291056
16.575 4974864256
19.109 5704302514
22.292 6498923312
24.893 7333996266
27.659 8210318734
30.876 9138836142
34.577 10117087484
38.449 11132927932
42.914 12198491386
46.271 13319045096
48.912 14507661900
52.696 15752092692
58.095 17044352578
63.797 18381591848
68.138 19768548012
74.381 21183102588
77.525 22658748892
81.672 24194072256
86.423 25764705360
91.699 27410190580
97.922 29087957714
103.369 30798500214
109.511 32563111244
116.252 34376964072
125.461 36270976266
132.587 38205086808
135.128 40167778026
141.51 42228301932
148.097 44305965596
157.184 46445527622
169.647 48586775094
176.378 50845851112
178.151 53136361188
187.583 55432595452
205.882 57785489920
202.851 60193191906
211.114 62651530886
219.681 65156414046
227.07 67734987558
236.624 70372753432
257.406 73031527020
253.455 75765394466
262.685 78580701340
272.975 81444172660
282.37 84276318966
292.456 87193537428
301.844 90183892548
312.208 93236846704
324.167 96322935564
334.067 99460772234
345.684 102649107682
358.32 105894052732
365.889 109196775902
376.612 112509160286
391.491 115916893750
399.432 119335898074
410.592 122784251912
444.657 126297669734
436.211 129870012750
450.373 133488133052
459.306 137161222242
472.057 140832778982
499.197 144633960006
504.988 148486619082
544.444 152341078967
522.679 156349576199
536.448 160326263451
545.23 164323915901
562.588 168387960505
575.997 172603475863
593.663 176822229787
611.725 181016826881
623.003 185302956973
638.326 189587446809
649.882 193950902039
656.044 198361705967
681.289 202844624577
718.945 207349506517
734.116 211905163331
734.67 216564472941
746.852 221302495057
765.822 226093317811
780.275 230879630857
797.397 235760939599
812.896 240718399031
824.839 245621603903